# JRE version: OpenJDK Runtime Environment JBR-11.0.11.9-1341.60-jcef (11.0.11+9) (build 11.0.11+9-b1341.60)
# Java VM: OpenJDK 64-Bit Server VM JBR-11.0.11.9-1341.60-jcef (11.0.11+9-b1341.60, mixed mode, tiered, compressed oops, g1 gc, windows-amd64)
Heap:
 garbage-first heap   total 585728K, used 153094K [0x0000000080000000, 0x0000000100000000)
  region size 1024K, 5 young (5120K), 5 survivors (5120K)
 Metaspace       used 112197K, capacity 115345K, committed 116256K, reserved 1150976K
  class space    used 13722K, capacity 14874K, committed 15232K, reserved 1048576K
GC Heap History (20 events):
Event: 3011.356 GC heap after
{Heap after GC invocations=38 (full 0):
 garbage-first heap   total 262144K, used 141812K [0x0000000080000000, 0x0000000100000000)
  region size 1024K, 2 young (2048K), 2 survivors (2048K)
 Metaspace       used 110943K, capacity 114159K, committed 114976K, reserved 1148928K
  class space    used 13703K, capacity 14880K, committed 15232K, reserved 1048576K
}
Event: 3011.545 GC heap before
{Heap before GC invocations=38 (full 0):
 garbage-first heap   total 262144K, used 204276K [0x0000000080000000, 0x0000000100000000)
  region size 1024K, 63 young (64512K), 2 survivors (2048K)
 Metaspace       used 111091K, capacity 114290K, committed 115232K, reserved 1148928K
  class space    used 13710K, capacity 14881K, committed 15232K, reserved 1048576K
}
Event: 3011.564 GC heap after
{Heap after GC invocations=39 (full 0):
 garbage-first heap   total 262144K, used 148330K [0x0000000080000000, 0x0000000100000000)
  region size 1024K, 8 young (8192K), 8 survivors (8192K)
 Metaspace       used 111091K, capacity 114290K, committed 115232K, reserved 1148928K
  class space    used 13710K, capacity 14881K, committed 15232K, reserved 1048576K
}
Event: 3012.098 GC heap before
{Heap before GC invocations=40 (full 0):
 garbage-first heap   total 262144K, used 207722K [0x0000000080000000, 0x0000000100000000)
  region size 1024K, 68 young (69632K), 8 survivors (8192K)
 Metaspace       used 111074K, capacity 114249K, committed 115232K, reserved 1148928K
  class space    used 13699K, capacity 14861K, committed 15232K, reserved 1048576K
}
Event: 3012.120 GC heap after
{Heap after GC invocations=41 (full 0):
 garbage-first heap   total 262144K, used 150179K [0x0000000080000000, 0x0000000100000000)
  region size 1024K, 5 young (5120K), 5 survivors (5120K)
 Metaspace       used 111074K, capacity 114249K, committed 115232K, reserved 1148928K
  class space    used 13699K, capacity 14861K, committed 15232K, reserved 1048576K
}
Event: 3012.143 GC heap before
{Heap before GC invocations=41 (full 0):
 garbage-first heap   total 262144K, used 156323K [0x0000000080000000, 0x0000000100000000)
  region size 1024K, 12 young (12288K), 5 survivors (5120K)
 Metaspace       used 111075K, capacity 114249K, committed 115232K, reserved 1148928K
  class space    used 13699K, capacity 14861K, committed 15232K, reserved 1048576K
}
Event: 3012.176 GC heap after
{Heap after GC invocations=42 (full 0):
 garbage-first heap   total 262144K, used 140595K [0x0000000080000000, 0x0000000100000000)
  region size 1024K, 1 young (1024K), 1 survivors (1024K)
 Metaspace       used 111075K, capacity 114249K, committed 115232K, reserved 1148928K
  class space    used 13699K, capacity 14861K, committed 15232K, reserved 1048576K
}
Event: 3012.482 GC heap before
{Heap before GC invocations=42 (full 0):
 garbage-first heap   total 262144K, used 206131K [0x0000000080000000, 0x0000000100000000)
  region size 1024K, 65 young (66560K), 1 survivors (1024K)
 Metaspace       used 111135K, capacity 114263K, committed 115232K, reserved 1148928K
  class space    used 13710K, capacity 14866K, committed 15232K, reserved 1048576K
}
Event: 3012.493 GC heap after
{Heap after GC invocations=43 (full 0):
 garbage-first heap   total 262144K, used 143227K [0x0000000080000000, 0x0000000100000000)
  region size 1024K, 4 young (4096K), 4 survivors (4096K)
 Metaspace       used 111135K, capacity 114263K, committed 115232K, reserved 1148928K
  class space    used 13710K, capacity 14866K, committed 15232K, reserved 1048576K
}
Event: 3013.068 GC heap before
{Heap before GC invocations=44 (full 0):
 garbage-first heap   total 262144K, used 209787K [0x0000000080000000, 0x0000000100000000)
  region size 1024K, 69 young (70656K), 4 survivors (4096K)
 Metaspace       used 111603K, capacity 114733K, committed 115744K, reserved 1150976K
  class space    used 13714K, capacity 14871K, committed 15232K, reserved 1048576K
}
Event: 3013.083 GC heap after
{Heap after GC invocations=45 (full 0):
 garbage-first heap   total 262144K, used 146141K [0x0000000080000000, 0x0000000100000000)
  region size 1024K, 7 young (7168K), 7 survivors (7168K)
 Metaspace       used 111603K, capacity 114733K, committed 115744K, reserved 1150976K
  class space    used 13714K, capacity 14871K, committed 15232K, reserved 1048576K
}
Event: 3013.102 GC heap before
{Heap before GC invocations=45 (full 0):
 garbage-first heap   total 262144K, used 150237K [0x0000000080000000, 0x0000000100000000)
  region size 1024K, 12 young (12288K), 7 survivors (7168K)
 Metaspace       used 111606K, capacity 114733K, committed 115744K, reserved 1150976K
  class space    used 13714K, capacity 14871K, committed 15232K, reserved 1048576K
}
Event: 3013.129 GC heap after
{Heap after GC invocations=46 (full 0):
 garbage-first heap   total 390144K, used 142764K [0x0000000080000000, 0x0000000100000000)
  region size 1024K, 1 young (1024K), 1 survivors (1024K)
 Metaspace       used 111606K, capacity 114733K, committed 115744K, reserved 1150976K
  class space    used 13714K, capacity 14871K, committed 15232K, reserved 1048576K
}
Event: 3013.587 GC heap before
{Heap before GC invocations=46 (full 0):
 garbage-first heap   total 390144K, used 266668K [0x0000000080000000, 0x0000000100000000)
  region size 1024K, 122 young (124928K), 1 survivors (1024K)
 Metaspace       used 111646K, capacity 114799K, committed 115744K, reserved 1150976K
  class space    used 13714K, capacity 14871K, committed 15232K, reserved 1048576K
}
Event: 3013.615 GC heap after
{Heap after GC invocations=47 (full 0):
 garbage-first heap   total 390144K, used 148713K [0x0000000080000000, 0x0000000100000000)
  region size 1024K, 7 young (7168K), 7 survivors (7168K)
 Metaspace       used 111646K, capacity 114799K, committed 115744K, reserved 1150976K
  class space    used 13714K, capacity 14871K, committed 15232K, reserved 1048576K
}
Event: 3014.418 GC heap before
{Heap before GC invocations=48 (full 0):
 garbage-first heap   total 390144K, used 276713K [0x0000000080000000, 0x0000000100000000)
  region size 1024K, 132 young (135168K), 7 survivors (7168K)
 Metaspace       used 112004K, capacity 115132K, committed 116000K, reserved 1150976K
  class space    used 13714K, capacity 14871K, committed 15232K, reserved 1048576K
}
Event: 3014.432 GC heap after
{Heap after GC invocations=49 (full 0):
 garbage-first heap   total 390144K, used 150230K [0x0000000080000000, 0x0000000100000000)
  region size 1024K, 9 young (9216K), 9 survivors (9216K)
 Metaspace       used 112004K, capacity 115132K, committed 116000K, reserved 1150976K
  class space    used 13714K, capacity 14871K, committed 15232K, reserved 1048576K
}
Event: 3014.487 GC heap before
{Heap before GC invocations=49 (full 0):
 garbage-first heap   total 390144K, used 160470K [0x0000000080000000, 0x0000000100000000)
  region size 1024K, 19 young (19456K), 9 survivors (9216K)
 Metaspace       used 112036K, capacity 115200K, committed 116000K, reserved 1150976K
  class space    used 13720K, capacity 14873K, committed 15232K, reserved 1048576K
}
Event: 3014.501 GC heap after
{Heap after GC invocations=50 (full 0):
 garbage-first heap   total 390144K, used 150193K [0x0000000080000000, 0x0000000100000000)
  region size 1024K, 2 young (2048K), 2 survivors (2048K)
 Metaspace       used 112036K, capacity 115200K, committed 116000K, reserved 1150976K
  class space    used 13720K, capacity 14873K, committed 15232K, reserved 1048576K
}
Event: 3015.072 GC heap before
{Heap before GC invocations=50 (full 0):
 garbage-first heap   total 390144K, used 285361K [0x0000000080000000, 0x0000000100000000)
  region size 1024K, 134 young (137216K), 2 survivors (2048K)
 Metaspace       used 112197K, capacity 115345K, committed 116256K, reserved 1150976K
  class space    used 13722K, capacity 14874K, committed 15232K, reserved 1048576K
}

