# JRE version: OpenJDK Runtime Environment JBR-11.0.11.9-1341.60-jcef (11.0.11+9) (build 11.0.11+9-b1341.60)
# Java VM: OpenJDK 64-Bit Server VM JBR-11.0.11.9-1341.60-jcef (11.0.11+9-b1341.60, mixed mode, tiered, compressed oops, g1 gc, windows-amd64)
Heap:
 garbage-first heap   total 465920K, used 167010K [0x0000000080000000, 0x0000000100000000)
  region size 1024K, 10 young (10240K), 10 survivors (10240K)
 Metaspace       used 86683K, capacity 88944K, committed 89500K, reserved 1126400K
  class space    used 11147K, capacity 11976K, committed 12268K, reserved 1048576K
GC Heap History (20 events):
Event: 38.622 GC heap after
{Heap after GC invocations=27 (full 0):
 garbage-first heap   total 262144K, used 138977K [0x0000000080000000, 0x0000000100000000)
  region size 1024K, 8 young (8192K), 8 survivors (8192K)
 Metaspace       used 86215K, capacity 88493K, committed 89244K, reserved 1126400K
  class space    used 11139K, capacity 11971K, committed 12268K, reserved 1048576K
}
Event: 38.913 GC heap before
{Heap before GC invocations=27 (full 0):
 garbage-first heap   total 262144K, used 223969K [0x0000000080000000, 0x0000000100000000)
  region size 1024K, 91 young (93184K), 8 survivors (8192K)
 Metaspace       used 86291K, capacity 88563K, committed 89244K, reserved 1126400K
  class space    used 11139K, capacity 11971K, committed 12268K, reserved 1048576K
}
Event: 38.940 GC heap after
{Heap after GC invocations=28 (full 0):
 garbage-first heap   total 262144K, used 140052K [0x0000000080000000, 0x0000000100000000)
  region size 1024K, 5 young (5120K), 5 survivors (5120K)
 Metaspace       used 86291K, capacity 88563K, committed 89244K, reserved 1126400K
  class space    used 11139K, capacity 11971K, committed 12268K, reserved 1048576K
}
Event: 39.330 GC heap before
{Heap before GC invocations=28 (full 0):
 garbage-first heap   total 262144K, used 222996K [0x0000000080000000, 0x0000000100000000)
  region size 1024K, 87 young (89088K), 5 survivors (5120K)
 Metaspace       used 86319K, capacity 88567K, committed 89244K, reserved 1126400K
  class space    used 11139K, capacity 11971K, committed 12268K, reserved 1048576K
}
Event: 39.345 GC heap after
{Heap after GC invocations=29 (full 0):
 garbage-first heap   total 330752K, used 140923K [0x0000000080000000, 0x0000000100000000)
  region size 1024K, 6 young (6144K), 6 survivors (6144K)
 Metaspace       used 86319K, capacity 88567K, committed 89244K, reserved 1126400K
  class space    used 11139K, capacity 11971K, committed 12268K, reserved 1048576K
}
Event: 39.913 GC heap before
{Heap before GC invocations=30 (full 0):
 garbage-first heap   total 330752K, used 269947K [0x0000000080000000, 0x0000000100000000)
  region size 1024K, 133 young (136192K), 6 survivors (6144K)
 Metaspace       used 86339K, capacity 88570K, committed 89244K, reserved 1126400K
  class space    used 11139K, capacity 11972K, committed 12268K, reserved 1048576K
}
Event: 39.931 GC heap after
{Heap after GC invocations=31 (full 0):
 garbage-first heap   total 330752K, used 145628K [0x0000000080000000, 0x0000000100000000)
  region size 1024K, 10 young (10240K), 10 survivors (10240K)
 Metaspace       used 86339K, capacity 88570K, committed 89244K, reserved 1126400K
  class space    used 11139K, capacity 11972K, committed 12268K, reserved 1048576K
}
Event: 40.525 GC heap before
{Heap before GC invocations=31 (full 0):
 garbage-first heap   total 330752K, used 274652K [0x0000000080000000, 0x0000000100000000)
  region size 1024K, 136 young (139264K), 10 survivors (10240K)
 Metaspace       used 86451K, capacity 88654K, committed 89244K, reserved 1126400K
  class space    used 11141K, capacity 11973K, committed 12268K, reserved 1048576K
}
Event: 40.538 GC heap after
{Heap after GC invocations=32 (full 0):
 garbage-first heap   total 330752K, used 146111K [0x0000000080000000, 0x0000000100000000)
  region size 1024K, 9 young (9216K), 9 survivors (9216K)
 Metaspace       used 86451K, capacity 88654K, committed 89244K, reserved 1126400K
  class space    used 11141K, capacity 11973K, committed 12268K, reserved 1048576K
}
Event: 41.167 GC heap before
{Heap before GC invocations=32 (full 0):
 garbage-first heap   total 330752K, used 276159K [0x0000000080000000, 0x0000000100000000)
  region size 1024K, 137 young (140288K), 9 survivors (9216K)
 Metaspace       used 86544K, capacity 88794K, committed 89500K, reserved 1126400K
  class space    used 11143K, capacity 11973K, committed 12268K, reserved 1048576K
}
Event: 41.184 GC heap after
{Heap after GC invocations=33 (full 0):
 garbage-first heap   total 330752K, used 148340K [0x0000000080000000, 0x0000000100000000)
  region size 1024K, 11 young (11264K), 11 survivors (11264K)
 Metaspace       used 86544K, capacity 88794K, committed 89500K, reserved 1126400K
  class space    used 11143K, capacity 11973K, committed 12268K, reserved 1048576K
}
Event: 41.735 GC heap before
{Heap before GC invocations=33 (full 0):
 garbage-first heap   total 330752K, used 276340K [0x0000000080000000, 0x0000000100000000)
  region size 1024K, 137 young (140288K), 11 survivors (11264K)
 Metaspace       used 86591K, capacity 88866K, committed 89500K, reserved 1126400K
  class space    used 11146K, capacity 11975K, committed 12268K, reserved 1048576K
}
Event: 41.763 GC heap after
{Heap after GC invocations=34 (full 0):
 garbage-first heap   total 397312K, used 152330K [0x0000000080000000, 0x0000000100000000)
  region size 1024K, 13 young (13312K), 13 survivors (13312K)
 Metaspace       used 86591K, capacity 88866K, committed 89500K, reserved 1126400K
  class space    used 11146K, capacity 11975K, committed 12268K, reserved 1048576K
}
Event: 42.498 GC heap before
{Heap before GC invocations=34 (full 0):
 garbage-first heap   total 397312K, used 321290K [0x0000000080000000, 0x0000000100000000)
  region size 1024K, 179 young (183296K), 13 survivors (13312K)
 Metaspace       used 86641K, capacity 88939K, committed 89500K, reserved 1126400K
  class space    used 11146K, capacity 11975K, committed 12268K, reserved 1048576K
}
Event: 42.524 GC heap after
{Heap after GC invocations=35 (full 0):
 garbage-first heap   total 397312K, used 159469K [0x0000000080000000, 0x0000000100000000)
  region size 1024K, 19 young (19456K), 19 survivors (19456K)
 Metaspace       used 86641K, capacity 88939K, committed 89500K, reserved 1126400K
  class space    used 11146K, capacity 11975K, committed 12268K, reserved 1048576K
}
Event: 43.109 GC heap before
{Heap before GC invocations=35 (full 0):
 garbage-first heap   total 397312K, used 330477K [0x0000000080000000, 0x0000000100000000)
  region size 1024K, 187 young (191488K), 19 survivors (19456K)
 Metaspace       used 86652K, capacity 88942K, committed 89500K, reserved 1126400K
  class space    used 11147K, capacity 11976K, committed 12268K, reserved 1048576K
}
Event: 43.132 GC heap after
{Heap after GC invocations=36 (full 0):
 garbage-first heap   total 397312K, used 162361K [0x0000000080000000, 0x0000000100000000)
  region size 1024K, 13 young (13312K), 13 survivors (13312K)
 Metaspace       used 86652K, capacity 88942K, committed 89500K, reserved 1126400K
  class space    used 11147K, capacity 11976K, committed 12268K, reserved 1048576K
}
Event: 43.731 GC heap before
{Heap before GC invocations=36 (full 0):
 garbage-first heap   total 397312K, used 333369K [0x0000000080000000, 0x0000000100000000)
  region size 1024K, 180 young (184320K), 13 survivors (13312K)
 Metaspace       used 86671K, capacity 88943K, committed 89500K, reserved 1126400K
  class space    used 11147K, capacity 11976K, committed 12268K, reserved 1048576K
}
Event: 43.749 GC heap after
{Heap after GC invocations=37 (full 0):
 garbage-first heap   total 397312K, used 164916K [0x0000000080000000, 0x0000000100000000)
  region size 1024K, 15 young (15360K), 15 survivors (15360K)
 Metaspace       used 86671K, capacity 88943K, committed 89500K, reserved 1126400K
  class space    used 11147K, capacity 11976K, committed 12268K, reserved 1048576K
}
Event: 44.273 GC heap before
{Heap before GC invocations=37 (full 0):
 garbage-first heap   total 397312K, used 336948K [0x0000000080000000, 0x0000000100000000)
  region size 1024K, 183 young (187392K), 15 survivors (15360K)
 Metaspace       used 86683K, capacity 88944K, committed 89500K, reserved 1126400K
  class space    used 11147K, capacity 11976K, committed 12268K, reserved 1048576K
}

